Build started 11/8/2018 1:02:36 AM.
     1>Project "H:\study\programs\Data Structuer\Stack_by_linklist_inc++\stackByLinkList_InC++\stackByLinkList_InC++\stackByLinkList_InC++.vcxproj" on node 2 (build target(s)).
     1>InitializeBuildStatus:
         Touching "Debug\stackByLinkList_InC++.unsuccessfulbuild".
       ClCompile:
         C:\Program Files (x86)\Microsoft Visual Studio 10.0\VC\bin\CL.exe /c /ZI /nologo /W3 /WX- /Od /Oy- /D WIN32 /D _DEBUG /D _CONSOLE /D _UNICODE /D UNICODE /Gm /EHsc /RTC1 /MDd /GS /fp:precise /Zc:wchar_t /Zc:forScope /Fo"Debug\\" /Fd"Debug\vc100.pdb" /Gd /TP /analyze- /errorReport:prompt mian.cpp
         mian.cpp
       ManifestResourceCompile:
         C:\Program Files (x86)\Microsoft SDKs\Windows\v7.0A\bin\rc.exe /nologo /fo"Debug\stackByLinkList_InC++.exe.embed.manifest.res" Debug\stackByLinkList_InC++_manifest.rc 
       Link:
         C:\Program Files (x86)\Microsoft Visual Studio 10.0\VC\bin\link.exe /ERRORREPORT:PROMPT /OUT:"H:\study\programs\Data Structuer\Stack_by_linklist_inc++\stackByLinkList_InC++\Debug\stackByLinkList_InC++.exe" /INCREMENTAL /NOLOGO kernel32.lib user32.lib gdi32.lib winspool.lib comdlg32.lib advapi32.lib shell32.lib ole32.lib oleaut32.lib uuid.lib odbc32.lib odbccp32.lib /MANIFEST /ManifestFile:"Debug\stackByLinkList_InC++.exe.intermediate.manifest" /MANIFESTUAC:"level='asInvoker' uiAccess='false'" /DEBUG /PDB:"H:\study\programs\Data Structuer\Stack_by_linklist_inc++\stackByLinkList_InC++\Debug\stackByLinkList_InC++.pdb" /SUBSYSTEM:CONSOLE /TLBID:1 /DYNAMICBASE /NXCOMPAT /IMPLIB:"H:\study\programs\Data Structuer\Stack_by_linklist_inc++\stackByLinkList_InC++\Debug\stackByLinkList_InC++.lib" /MACHINE:X86 Debug\stackByLinkList_InC++.exe.embed.manifest.res
         Debug\mian.obj
         Debug\Stack_implementation.obj
       Manifest:
         C:\Program Files (x86)\Microsoft SDKs\Windows\v7.0A\bin\mt.exe /nologo /verbose /out:"Debug\stackByLinkList_InC++.exe.embed.manifest" /manifest Debug\stackByLinkList_InC++.exe.intermediate.manifest
         C:\Program Files (x86)\Microsoft SDKs\Windows\v7.0A\bin\rc.exe /nologo /fo"Debug\stackByLinkList_InC++.exe.embed.manifest.res" Debug\stackByLinkList_InC++_manifest.rc 
       LinkEmbedManifest:
         C:\Program Files (x86)\Microsoft Visual Studio 10.0\VC\bin\link.exe /ERRORREPORT:PROMPT /OUT:"H:\study\programs\Data Structuer\Stack_by_linklist_inc++\stackByLinkList_InC++\Debug\stackByLinkList_InC++.exe" /INCREMENTAL /NOLOGO kernel32.lib user32.lib gdi32.lib winspool.lib comdlg32.lib advapi32.lib shell32.lib ole32.lib oleaut32.lib uuid.lib odbc32.lib odbccp32.lib /MANIFEST /ManifestFile:"Debug\stackByLinkList_InC++.exe.intermediate.manifest" /MANIFESTUAC:"level='asInvoker' uiAccess='false'" /DEBUG /PDB:"H:\study\programs\Data Structuer\Stack_by_linklist_inc++\stackByLinkList_InC++\Debug\stackByLinkList_InC++.pdb" /SUBSYSTEM:CONSOLE /TLBID:1 /DYNAMICBASE /NXCOMPAT /IMPLIB:"H:\study\programs\Data Structuer\Stack_by_linklist_inc++\stackByLinkList_InC++\Debug\stackByLinkList_InC++.lib" /MACHINE:X86 Debug\stackByLinkList_InC++.exe.embed.manifest.res
         Debug\mian.obj
         Debug\Stack_implementation.obj
         stackByLinkList_InC++.vcxproj -> H:\study\programs\Data Structuer\Stack_by_linklist_inc++\stackByLinkList_InC++\Debug\stackByLinkList_InC++.exe
       FinalizeBuildStatus:
         Deleting file "Debug\stackByLinkList_InC++.unsuccessfulbuild".
         Touching "Debug\stackByLinkList_InC++.lastbuildstate".
     1>Done Building Project "H:\study\programs\Data Structuer\Stack_by_linklist_inc++\stackByLinkList_InC++\stackByLinkList_InC++\stackByLinkList_InC++.vcxproj" (build target(s)).

Build succeeded.

Time Elapsed 00:00:05.00
